2025-11-23 02:26:30 INFO  [TestCases.TC001_VerifyAccountRegistrationTest] - ******* Starting 001 Test ********
2025-11-23 02:26:30 INFO  [TestCases.TC001_VerifyAccountRegistrationTest] - clicking on my account drop menu!
2025-11-23 02:26:30 INFO  [TestCases.TC001_VerifyAccountRegistrationTest] - clicking on register button drop menu!
2025-11-23 02:26:31 INFO  [TestCases.TC001_VerifyAccountRegistrationTest] - entering first name!
2025-11-23 02:26:31 INFO  [TestCases.TC001_VerifyAccountRegistrationTest] - entering last name!
2025-11-23 02:26:31 INFO  [TestCases.TC001_VerifyAccountRegistrationTest] - entering email name!
2025-11-23 02:26:31 INFO  [TestCases.TC001_VerifyAccountRegistrationTest] - entering telephone number!
2025-11-23 02:26:31 INFO  [TestCases.TC001_VerifyAccountRegistrationTest] - entering password!
2025-11-23 02:26:31 INFO  [TestCases.TC001_VerifyAccountRegistrationTest] - entering confirm password!
2025-11-23 02:26:31 INFO  [TestCases.TC001_VerifyAccountRegistrationTest] - selecting checkBox!
2025-11-23 02:26:31 INFO  [TestCases.TC001_VerifyAccountRegistrationTest] - Clicking on continue button!
2025-11-23 02:26:32 INFO  [TestCases.TC001_VerifyAccountRegistrationTest] - Verifying success message!
2025-11-23 02:26:32 INFO  [TestCases.TC001_VerifyAccountRegistrationTest] - ******* Finished 001 Test ********
2025-11-23 02:26:36 INFO  [TestCases.TC001_VerifyAccountRegistrationTest] - ******* Starting 001 Test ********
2025-11-23 02:26:36 INFO  [TestCases.TC001_VerifyAccountRegistrationTest] - clicking on my account drop menu!
2025-11-23 02:26:36 INFO  [TestCases.TC001_VerifyAccountRegistrationTest] - clicking on register button drop menu!
2025-11-23 02:26:36 INFO  [TestCases.TC001_VerifyAccountRegistrationTest] - entering first name!
2025-11-23 02:26:37 INFO  [TestCases.TC001_VerifyAccountRegistrationTest] - entering last name!
2025-11-23 02:26:37 INFO  [TestCases.TC001_VerifyAccountRegistrationTest] - entering email name!
2025-11-23 02:26:37 INFO  [TestCases.TC001_VerifyAccountRegistrationTest] - entering telephone number!
2025-11-23 02:26:37 INFO  [TestCases.TC001_VerifyAccountRegistrationTest] - entering password!
2025-11-23 02:26:37 INFO  [TestCases.TC001_VerifyAccountRegistrationTest] - entering confirm password!
2025-11-23 02:26:37 INFO  [TestCases.TC001_VerifyAccountRegistrationTest] - selecting checkBox!
2025-11-23 02:26:37 INFO  [TestCases.TC001_VerifyAccountRegistrationTest] - Clicking on continue button!
2025-11-23 02:26:38 INFO  [TestCases.TC001_VerifyAccountRegistrationTest] - Verifying success message!
2025-11-23 02:26:38 INFO  [TestCases.TC001_VerifyAccountRegistrationTest] - ******* Finished 001 Test ********
2025-11-23 02:26:42 INFO  [TestCases.TC001_VerifyAccountRegistrationTest] - ******* Starting 001 Test ********
2025-11-23 02:26:42 INFO  [TestCases.TC001_VerifyAccountRegistrationTest] - clicking on my account drop menu!
2025-11-23 02:26:43 INFO  [TestCases.TC001_VerifyAccountRegistrationTest] - clicking on register button drop menu!
2025-11-23 02:26:43 INFO  [TestCases.TC001_VerifyAccountRegistrationTest] - entering first name!
2025-11-23 02:26:43 INFO  [TestCases.TC001_VerifyAccountRegistrationTest] - entering last name!
2025-11-23 02:26:43 INFO  [TestCases.TC001_VerifyAccountRegistrationTest] - entering email name!
2025-11-23 02:26:43 INFO  [TestCases.TC001_VerifyAccountRegistrationTest] - entering telephone number!
2025-11-23 02:26:43 INFO  [TestCases.TC001_VerifyAccountRegistrationTest] - entering password!
2025-11-23 02:26:43 INFO  [TestCases.TC001_VerifyAccountRegistrationTest] - entering confirm password!
2025-11-23 02:26:43 INFO  [TestCases.TC001_VerifyAccountRegistrationTest] - selecting checkBox!
2025-11-23 02:26:43 INFO  [TestCases.TC001_VerifyAccountRegistrationTest] - Clicking on continue button!
2025-11-23 02:26:44 INFO  [TestCases.TC001_VerifyAccountRegistrationTest] - Verifying success message!
2025-11-23 02:26:44 INFO  [TestCases.TC001_VerifyAccountRegistrationTest] - ******* Finished 001 Test ********
