2025-11-23 15:30:13 INFO  [TestCases.TC001_VerifyAccountRegistrationTest] - ******* Starting 001 Test ********
2025-11-23 15:30:13 INFO  [TestCases.TC001_VerifyAccountRegistrationTest] - clicking on my account drop menu!
2025-11-23 15:30:13 INFO  [TestCases.TC001_VerifyAccountRegistrationTest] - clicking on register button drop menu!
2025-11-23 15:30:15 INFO  [TestCases.TC001_VerifyAccountRegistrationTest] - entering first name!
2025-11-23 15:30:15 INFO  [TestCases.TC001_VerifyAccountRegistrationTest] - entering last name!
2025-11-23 15:30:15 INFO  [TestCases.TC001_VerifyAccountRegistrationTest] - entering email name!
2025-11-23 15:30:15 INFO  [TestCases.TC001_VerifyAccountRegistrationTest] - entering telephone number!
2025-11-23 15:30:15 INFO  [TestCases.TC001_VerifyAccountRegistrationTest] - entering password!
2025-11-23 15:30:16 INFO  [TestCases.TC001_VerifyAccountRegistrationTest] - entering confirm password!
2025-11-23 15:30:16 INFO  [TestCases.TC001_VerifyAccountRegistrationTest] - selecting checkBox!
2025-11-23 15:30:16 INFO  [TestCases.TC001_VerifyAccountRegistrationTest] - Clicking on continue button!
2025-11-23 15:30:19 INFO  [TestCases.TC001_VerifyAccountRegistrationTest] - Verifying success message!
2025-11-23 15:30:19 INFO  [TestCases.TC001_VerifyAccountRegistrationTest] - ******* Finished 001 Test ********
2025-11-23 15:30:26 INFO  [TestCases.TC001_VerifyAccountRegistrationTest] - ******* Starting 001 Test ********
2025-11-23 15:30:26 INFO  [TestCases.TC001_VerifyAccountRegistrationTest] - clicking on my account drop menu!
2025-11-23 15:30:26 INFO  [TestCases.TC001_VerifyAccountRegistrationTest] - clicking on register button drop menu!
2025-11-23 15:30:27 INFO  [TestCases.TC001_VerifyAccountRegistrationTest] - entering first name!
2025-11-23 15:30:27 INFO  [TestCases.TC001_VerifyAccountRegistrationTest] - entering last name!
2025-11-23 15:30:27 INFO  [TestCases.TC001_VerifyAccountRegistrationTest] - entering email name!
2025-11-23 15:30:27 INFO  [TestCases.TC001_VerifyAccountRegistrationTest] - entering telephone number!
2025-11-23 15:30:27 INFO  [TestCases.TC001_VerifyAccountRegistrationTest] - entering password!
2025-11-23 15:30:27 INFO  [TestCases.TC001_VerifyAccountRegistrationTest] - entering confirm password!
2025-11-23 15:30:28 INFO  [TestCases.TC001_VerifyAccountRegistrationTest] - selecting checkBox!
2025-11-23 15:30:28 INFO  [TestCases.TC001_VerifyAccountRegistrationTest] - Clicking on continue button!
2025-11-23 15:30:30 INFO  [TestCases.TC001_VerifyAccountRegistrationTest] - Verifying success message!
2025-11-23 15:30:30 INFO  [TestCases.TC001_VerifyAccountRegistrationTest] - ******* Finished 001 Test ********
2025-11-23 15:30:34 INFO  [TestCases.TC001_VerifyAccountRegistrationTest] - ******* Starting 001 Test ********
2025-11-23 15:30:34 INFO  [TestCases.TC001_VerifyAccountRegistrationTest] - clicking on my account drop menu!
